2025-06-01 13:06:00 | WARN | repo=auction | action=test | passed=true
2025-12-14 12:22:00 | DEBUG | repo=auction | action=pull
2025-01-18 11:10:00 | DEBUG | repo=auction | action=commit
2025-05-08 18:55:00 | INFO | repo=auction | action=commit
2025-04-24 07:11:00 | INFO | repo=auction | action=commit
2025-01-06 14:41:00 | DEBUG | repo=auction | action=commit
2025-10-05 20:17:00 | INFO | repo=auction | action=commit
2025-05-11 15:26:00 | DEBUG | repo=auction | action=edit | files=1
2025-11-17 08:48:00 | INFO | repo=auction | action=commit
2025-06-18 15:21:00 | DEBUG | repo=auction | action=pull
2025-04-07 18:21:00 | INFO | repo=auction | action=edit | files=3
2025-07-04 09:53:00 | INFO | repo=auction | action=edit | files=2
2025-08-10 20:05:00 | INFO | repo=auction | action=commit
2025-07-09 20:13:00 | DEBUG | repo=auction | action=commit
2025-11-08 20:58:00 | WARN | repo=auction | action=commit
2025-03-25 10:03:00 | DEBUG | repo=auction | action=commit
2025-04-05 17:19:00 | DEBUG | repo=auction | action=commit
2025-02-24 17:59:00 | DEBUG | repo=auction | action=commit
2025-03-19 18:04:00 | INFO | repo=auction | action=commit
2025-10-16 08:50:00 | DEBUG | repo=auction | action=commit
2025-03-27 21:30:00 | INFO | repo=auction | action=commit
2025-09-28 10:55:00 | WARN | repo=auction | action=pull
2025-02-16 14:57:00 | INFO | repo=auction | action=test | passed=true
2025-10-13 10:44:00 | WARN | repo=auction | action=commit
2025-11-20 13:29:00 | DEBUG | repo=auction | action=pull
2025-12-27 15:19:00 | WARN | repo=auction | action=commit
2025-08-01 13:54:00 | INFO | repo=auction | action=commit
2025-06-25 08:04:00 | INFO | repo=auction | action=commit
2025-12-20 07:12:00 | DEBUG | repo=auction | action=pull
2025-03-11 18:17:00 | DEBUG | repo=auction | action=test | passed=true
2025-09-08 21:56:00 | WARN | repo=auction | action=commit
